  pch.cpp
  BSP.cpp
C:\Users\Weston Marshall\Desktop\Vulkan\BSP\GameEngine-BSP\AtlasEngine\BSP.cpp(140,9): warning C4477: 'printf' : format string '%ld' requires an argument of type 'long', but variadic argument 1 has type 'float *'
C:\Users\Weston Marshall\Desktop\Vulkan\BSP\GameEngine-BSP\AtlasEngine\BSP.cpp(362,9): warning C4477: 'printf' : format string '%ld' requires an argument of type 'long', but variadic argument 1 has type 'float *'
  coin.cpp
  Collider.cpp
  collision.cpp
  engine.cpp
  graphics.cpp
  input.cpp
  instance.cpp
  level.cpp
  main.cpp
  mempack.cpp
  player.cpp
  pool.cpp
  sprite.cpp
  thread.cpp
  Generating Code...
  AtlasEngine.vcxproj -> C:\Users\Weston Marshall\Desktop\Vulkan\BSP\GameEngine-BSP\AtlasEngine\Debug\AtlasEngine.exe
